生成启动时间为 2019/3/29 9:47:27。
     1>项目“D:\新建文件夹\近期需要\plane\plane\plane.vcxproj”在节点 2 上(Build 个目标)。
     1>ClCompile:
         C:\Program Files (x86)\Microsoft Visual Studio 11.0\VC\bin\CL.exe /c /ZI /nologo /W3 /WX- /Od /Oy- /D WIN32 /D _DEBUG /D _WINDOWS /D _MBCS /Gm /EHsc /RTC1 /MDd /GS /fp:precise /Zc:wchar_t /Zc:forScope /Fo"Debug\\" /Fd"Debug\vc110.pdb" /Gd /TP /analyze- /errorReport:prompt Back.cpp BigFoePlane.cpp Buttle.cpp FoePlane.cpp MidFoePlane.cpp PlaneApp.cpp PlayerPlane.cpp SmallFoePlane.cpp WinMain.cpp
         WinMain.cpp
         SmallFoePlane.cpp
         PlayerPlane.cpp
         PlaneApp.cpp
         MidFoePlane.cpp
         FoePlane.cpp
         Buttle.cpp
         BigFoePlane.cpp
         Back.cpp
         正在生成代码...
       ResourceCompile:
         C:\Program Files (x86)\Windows Kits\8.0\bin\x86\rc.exe /l"0x0409" /nologo /fo"Debug\plane.res" plane.rc 
       Link:
         C:\Program Files (x86)\Microsoft Visual Studio 11.0\VC\bin\link.exe /ERRORREPORT:PROMPT /OUT:"D:\新建文件夹\近期需要\plane\Debug\plane.exe" /INCREMENTAL /NOLOGO kernel32.lib user32.lib gdi32.lib winspool.lib comdlg32.lib advapi32.lib shell32.lib ole32.lib oleaut32.lib uuid.lib odbc32.lib odbccp32.lib /MANIFEST /MANIFESTUAC:"level='asInvoker' uiAccess='false'" /manifest:embed /DEBUG /PDB:"D:\新建文件夹\近期需要\plane\Debug\plane.pdb" /SUBSYSTEM:WINDOWS /TLBID:1 /DYNAMICBASE /NXCOMPAT /IMPLIB:"D:\新建文件夹\近期需要\plane\Debug\plane.lib" /MACHINE:X86 Debug\plane.res
         Debug\Back.obj
         Debug\BigFoePlane.obj
         Debug\Buttle.obj
         Debug\FoePlane.obj
         Debug\MidFoePlane.obj
         Debug\PlaneApp.obj
         Debug\PlayerPlane.obj
         Debug\SmallFoePlane.obj
         Debug\WinMain.obj
         LINK : 没有找到 D:\新建文件夹\近期需要\plane\Debug\plane.exe 或上一个增量链接没有生成它；正在执行完全链接
         plane.vcxproj -> D:\新建文件夹\近期需要\plane\Debug\plane.exe
     1>已完成生成项目“D:\新建文件夹\近期需要\plane\plane\plane.vcxproj”(Build 个目标)的操作。

生成成功。

已用时间 00:00:06.45
